Added Component: Designator=BAT(BAT-HLD-001-THM)
Added Component: Designator=BLE(QFN40P600X600X90-48N)
Added Component: Designator=C1(CAP_0402R)
Added Component: Designator=C2(CAP_0402R)
Added Component: Designator=C3(CAP_0402R)
Added Component: Designator=C4(CAP_0402R)
Added Component: Designator=C5(CAP_0402R)
Added Component: Designator=C6(CAP_0402R)
Added Component: Designator=C7(CAP_0402R)
Added Component: Designator=C8(CAP_0402R)
Added Component: Designator=C9(CAP_0603R)
Added Component: Designator=C10(CAP_0603R)
Added Component: Designator=C11(CAP_0402R)
Added Component: Designator=C12(CAP_0402R)
Added Component: Designator=C13(CAP_0402R)
Added Component: Designator=C14(CAP_0402R)
Added Component: Designator=D1(MP2016_centered)
Added Component: Designator=D2(MP2016_centered)
Added Component: Designator=L1(INDC1005X04L)
Added Component: Designator=L2(INDC1608X06L)
Added Component: Designator=L3(INDC1005X04L)
Added Component: Designator=R1(RES_0402)
Added Component: Designator=R2(RES_0402)
Added Component: Designator=SW1(4-1437565-1)
Added Component: Designator=SW2(DDS001)
Added Component: Designator=SWD(HDR1X4_SWD)
Added Component: Designator=U1(sot-553)
Added Component: Designator=X1(BT-XTAL_2016)
Added Component: Designator=X2(ABS07)
Added Pin To Net: NetName=ANT Pin=C13-2
Added Pin To Net: NetName=ANT Pin=L1-2
Added Net: Name=ANT
Added Pin To Net: NetName=D1_CTRLN Pin=BLE-4
Added Pin To Net: NetName=D1_CTRLN Pin=D1-C
Added Pin To Net: NetName=D1_CTRLN Pin=D1-C
Added Net: Name=D1_CTRLN
Added Pin To Net: NetName=D2_CTRLN Pin=BLE-16
Added Pin To Net: NetName=D2_CTRLN Pin=D2-C
Added Pin To Net: NetName=D2_CTRLN Pin=D2-C
Added Net: Name=D2_CTRLN
Added Pin To Net: NetName=DEC1 Pin=BLE-1
Added Pin To Net: NetName=DEC1 Pin=C4-2
Added Net: Name=DEC1
Added Pin To Net: NetName=DEC2 Pin=BLE-32
Added Pin To Net: NetName=DEC2 Pin=C6-1
Added Net: Name=DEC2
Added Pin To Net: NetName=DEC3 Pin=BLE-33
Added Pin To Net: NetName=DEC3 Pin=C7-1
Added Net: Name=DEC3
Added Pin To Net: NetName=DEC4 Pin=BLE-46
Added Pin To Net: NetName=DEC4 Pin=C10-2
Added Pin To Net: NetName=DEC4 Pin=L3-1
Added Net: Name=DEC4
Added Pin To Net: NetName=GND Pin=BAT-2
Added Pin To Net: NetName=GND Pin=BLE-31
Added Pin To Net: NetName=GND Pin=BLE-45
Added Pin To Net: NetName=GND Pin=BLE-49
Added Pin To Net: NetName=GND Pin=C1-2
Added Pin To Net: NetName=GND Pin=C2-2
Added Pin To Net: NetName=GND Pin=C3-1
Added Pin To Net: NetName=GND Pin=C4-1
Added Pin To Net: NetName=GND Pin=C5-1
Added Pin To Net: NetName=GND Pin=C6-2
Added Pin To Net: NetName=GND Pin=C7-2
Added Pin To Net: NetName=GND Pin=C8-1
Added Pin To Net: NetName=GND Pin=C9-1
Added Pin To Net: NetName=GND Pin=C10-1
Added Pin To Net: NetName=GND Pin=C11-1
Added Pin To Net: NetName=GND Pin=C12-1
Added Pin To Net: NetName=GND Pin=C13-1
Added Pin To Net: NetName=GND Pin=C14-1
Added Pin To Net: NetName=GND Pin=SW1-2
Added Pin To Net: NetName=GND Pin=SW1-2
Added Pin To Net: NetName=GND Pin=SW2-2
Added Pin To Net: NetName=GND Pin=SWD-4
Added Pin To Net: NetName=GND Pin=U1-4
Added Pin To Net: NetName=GND Pin=X1-2
Added Pin To Net: NetName=GND Pin=X1-4
Added Net: Name=GND
Added Pin To Net: NetName=MAG_OUTN Pin=BLE-7
Added Pin To Net: NetName=MAG_OUTN Pin=U1-5
Added Net: Name=MAG_OUTN
Added Pin To Net: NetName=NetBLE_30 Pin=BLE-30
Added Pin To Net: NetName=NetBLE_30 Pin=C3-2
Added Pin To Net: NetName=NetBLE_30 Pin=L1-1
Added Net: Name=NetBLE_30
Added Pin To Net: NetName=NetBLE_47 Pin=BLE-47
Added Pin To Net: NetName=NetBLE_47 Pin=L2-2
Added Net: Name=NetBLE_47
Added Pin To Net: NetName=NetD1_A Pin=D1-A
Added Pin To Net: NetName=NetD1_A Pin=D1-A
Added Pin To Net: NetName=NetD1_A Pin=R1-2
Added Net: Name=NetD1_A
Added Pin To Net: NetName=NetD2_A Pin=D2-A
Added Pin To Net: NetName=NetD2_A Pin=D2-A
Added Pin To Net: NetName=NetD2_A Pin=R2-2
Added Net: Name=NetD2_A
Added Pin To Net: NetName=NetL2_1 Pin=L2-1
Added Pin To Net: NetName=NetL2_1 Pin=L3-2
Added Net: Name=NetL2_1
Added Pin To Net: NetName=SW1N Pin=BLE-12
Added Pin To Net: NetName=SW1N Pin=SW1-1
Added Pin To Net: NetName=SW1N Pin=SW1-1
Added Net: Name=SW1N
Added Pin To Net: NetName=SW2N Pin=BLE-11
Added Pin To Net: NetName=SW2N Pin=SW2-1
Added Net: Name=SW2N
Added Pin To Net: NetName=SWDCLK Pin=BLE-25
Added Pin To Net: NetName=SWDCLK Pin=SWD-2
Added Net: Name=SWDCLK
Added Pin To Net: NetName=SWDIO Pin=BLE-26
Added Pin To Net: NetName=SWDIO Pin=SWD-3
Added Net: Name=SWDIO
Added Pin To Net: NetName=VDD Pin=BAT-1
Added Pin To Net: NetName=VDD Pin=BAT-1
Added Pin To Net: NetName=VDD Pin=BAT-1
Added Pin To Net: NetName=VDD Pin=BAT-1
Added Pin To Net: NetName=VDD Pin=BLE-13
Added Pin To Net: NetName=VDD Pin=BLE-36
Added Pin To Net: NetName=VDD Pin=BLE-48
Added Pin To Net: NetName=VDD Pin=C5-2
Added Pin To Net: NetName=VDD Pin=C8-2
Added Pin To Net: NetName=VDD Pin=C9-2
Added Pin To Net: NetName=VDD Pin=C14-2
Added Pin To Net: NetName=VDD Pin=R1-1
Added Pin To Net: NetName=VDD Pin=R2-1
Added Pin To Net: NetName=VDD Pin=SWD-1
Added Pin To Net: NetName=VDD Pin=U1-1
Added Net: Name=VDD
Added Pin To Net: NetName=XC1 Pin=BLE-34
Added Pin To Net: NetName=XC1 Pin=C1-1
Added Pin To Net: NetName=XC1 Pin=X1-1
Added Net: Name=XC1
Added Pin To Net: NetName=XC2 Pin=BLE-35
Added Pin To Net: NetName=XC2 Pin=C2-1
Added Pin To Net: NetName=XC2 Pin=X1-3
Added Net: Name=XC2
Added Pin To Net: NetName=XL1 Pin=BLE-2
Added Pin To Net: NetName=XL1 Pin=C11-2
Added Pin To Net: NetName=XL1 Pin=X2-1
Added Net: Name=XL1
Added Pin To Net: NetName=XL2 Pin=BLE-3
Added Pin To Net: NetName=XL2 Pin=C12-2
Added Pin To Net: NetName=XL2 Pin=X2-2
Added Net: Name=XL2
Added Class: Name=recall_ble_v0_1
Added Room: Name=recall_ble_v0_1
