Importer Log Report
Project : Group

Section : Analyze Document - C:\Users\Hieu\Documents\GitHub\recall\hw\docs\Button\Adafruit_Trellis-master\Adafruit Trellis.lbr
    Analyzing data of C:\Users\Hieu\Documents\GitHub\recall\hw\docs\Button\Adafruit_Trellis-master\Adafruit Trellis.lbr
    Load settings
    Load layers 126
    Load Library library
    Load Library ""
    Load Packages 2
    Load Symbols 1
    Load DeviceSets 1
EndSection

Section : Analyze Document - C:\Users\Hieu\Documents\GitHub\recall\hw\docs\Button\Adafruit_Trellis-master\Adafruit Trellis 4x4 3mm HT16K33.brd
    Analyzing data of C:\Users\Hieu\Documents\GitHub\recall\hw\docs\Button\Adafruit_Trellis-master\Adafruit Trellis 4x4 3mm HT16K33.brd
    Load settings
    Load layers 126
    Load Library "microbuilder"
    Load Packages 11
    Load Library "rcl"
    Load Packages 1
    Load Library "adafruit"
    Load Packages 1
EndSection

Section : Analyze Document - C:\Users\Hieu\Documents\GitHub\recall\hw\docs\Button\Adafruit_Trellis-master\Adafruit Trellis 4x4 3mm HT16K33.sch
    Analyzing data of C:\Users\Hieu\Documents\GitHub\recall\hw\docs\Button\Adafruit_Trellis-master\Adafruit Trellis 4x4 3mm HT16K33.sch
    Load settings
    Load layers 126
    Load schematic
    Load Libraries 5
    Load Library "microbuilder"
    Load Packages 58
    Load Symbols 11
    Load DeviceSets 11
    Load Library "supply1"
    Load Packages 0
    Load Symbols 2
    Load DeviceSets 2
    Load Library "adafruit"
    Load Packages 7
    Load Symbols 1
    Load DeviceSets 1
    Load Library "rcl"
    Load Packages 85
    Load Symbols 1
    Load DeviceSets 1
    Load Library "frames"
    Load Packages 0
    Load Symbols 2
    Load DeviceSets 1
    Load Attributes 0
    Load Classes 1
    Load Parts 58
    Load Sheets 1
    ERROR: Unhandled typeerrors
EndSection
