Removed Pin From Net: NetName=VDD Pin=BAT2-1
Removed Pin From Net: NetName=VDD Pin=BAT2-1
Removed Pin From Net: NetName=VDD Pin=BAT2-1
Removed Pin From Net: NetName=VDD Pin=BAT2-1
Removed Pin From Net: NetName=GND Pin=BAT2-2
Removed Member From Class: ClassName=recall_discrete_v0_1 Member=BAT2
Change Component Footprint: Designator=BAT Old Footprint=BAT-HLD-001 New Footprint=BAT-HLD-001-THM
Added Component: Designator=C1(0402)
Added Component: Designator=C2(0402)
Added Component: Designator=C3(0402)
Added Component: Designator=LED?(CHIP-LED0805)
Added Component: Designator=Q1A(TO-92A)
Added Component: Designator=Q1B(TO-92A)
Added Component: Designator=R1(RES_0402)
Added Component: Designator=R2(RES_0402)
Added Component: Designator=R3(RES_0402)
Added Component: Designator=R4(RES_0402)
Added Component: Designator=R6(RES_0402)
Added Component: Designator=R7(RES_0402)
Added Component: Designator=Rsh(RES_0402)
Added Pin To Net: NetName=GND Pin=Q1A-1
Added Pin To Net: NetName=VDD Pin=R6-2
Added Pin To Net: NetName=GND Pin=R7-1
Added Pin To Net: NetName=VDD Pin=Rsh-2
Added Pin To Net: NetName=NetC1_1 Pin=C1-1
Added Pin To Net: NetName=NetC1_1 Pin=Q1B-1
Added Pin To Net: NetName=NetC1_1 Pin=R1-1
Added Net: Name=NetC1_1
Added Pin To Net: NetName=NetC1_2 Pin=C1-2
Added Pin To Net: NetName=NetC1_2 Pin=LED?-A
Added Pin To Net: NetName=NetC1_2 Pin=R1-2
Added Pin To Net: NetName=NetC1_2 Pin=R2-2
Added Pin To Net: NetName=NetC1_2 Pin=Rsh-1
Added Net: Name=NetC1_2
Added Pin To Net: NetName=NetC2_1 Pin=C2-1
Added Pin To Net: NetName=NetC2_1 Pin=Q1B-2
Added Pin To Net: NetName=NetC2_1 Pin=R2-1
Added Pin To Net: NetName=NetC2_1 Pin=R3-2
Added Net: Name=NetC2_1
Added Pin To Net: NetName=NetC2_2 Pin=C2-2
Added Pin To Net: NetName=NetC2_2 Pin=R4-2
Added Net: Name=NetC2_2
Added Pin To Net: NetName=NetC3_1 Pin=C3-1
Added Pin To Net: NetName=NetC3_1 Pin=LED?-C
Added Pin To Net: NetName=NetC3_1 Pin=R3-1
Added Pin To Net: NetName=NetC3_1 Pin=R4-1
Added Pin To Net: NetName=NetC3_1 Pin=R7-2
Added Net: Name=NetC3_1
Added Pin To Net: NetName=NetC3_2 Pin=C3-2
Added Pin To Net: NetName=NetC3_2 Pin=Q1A-3
Added Pin To Net: NetName=NetC3_2 Pin=R6-1
Added Net: Name=NetC3_2
Added Pin To Net: NetName=TRIGGER Pin=Q1A-2
Added Pin To Net: NetName=TRIGGER Pin=Q1B-3
Added Net: Name=TRIGGER
Added Member To Class: ClassName=recall_discrete_v0_1 Member=Component C1 CAP
Added Member To Class: ClassName=recall_discrete_v0_1 Member=Component C2 CAP
Added Member To Class: ClassName=recall_discrete_v0_1 Member=Component C3 CAP
Added Member To Class: ClassName=recall_discrete_v0_1 Member=Component LED? LED   OSRAM: - CHIPLED LG R971, LG N971, LY N971, LG Q971, LY Q971, LO R971, LY R971 LH N974, LH R974 LS Q976, LO Q976, LY Q976 LO Q996 - Hyper CHIPLED LW Q18S LB Q993, LB Q99A, LB R99A - SideLED LS A670, LO A670, LY A670, LG A670, LP A670 LB A673, LV A673, LT A673, LW A673 LH A674 LY A675 LS A676, LA A676, LO A676, LY A676, LW A676 LS A679, LY A679, LG A679 -  Hyper Micro SIDELED® LS Y876, LA Y876, LO Y876, LY Y876 LT Y87S - SmartLED LW L88C, LW L88S LB L89C, LB L89S, LG L890 LS L89K, LO L89K, LY L89K LS L896, LA L896, LO L896, LY L896 - TOPLED LS T670, LO T670, LY T670, LG T670, LP T670 LSG T670, LSP T670, LSY T670, LOP T670, LYG T670 LG T671, LOG T671, LSG T671 LB T673, LV T673, LT T673, LW T673 LH T674 LS T676, LA T676, LO T676, LY T676, LB T676, LH T676, LSB T676, LW T676 LB T67C, LV T67C, LT T67C, LS T67K, LO T67K, LY T67K, LW E67C LS E67B, LA E67B, LO E67B, LY E67B, LB E67C, LV E67C, LT E67C LW T67C LS T679, LY T679, LG T679 LS T770, LO T770, LY T770, LG T770, LP T770 LB T773, LV T773, LT T773, LW T773 LH T774 LS E675, LA E675, LY E675, LS T675 LS T776, LA T776, LO T776, LY T776, LB T776 LHGB T686 LT T68C, LB T68C - Hyper Mini TOPLED® LB M676 - Mini TOPLED Santana® LG M470 LS M47K, LO M47K, LY M47K    Source: http://www.osram.convergy.de/
Added Member To Class: ClassName=recall_discrete_v0_1 Member=Component Q1A NPN
Added Member To Class: ClassName=recall_discrete_v0_1 Member=Component Q1B PNP
Added Member To Class: ClassName=recall_discrete_v0_1 Member=Component R1 RES
Added Member To Class: ClassName=recall_discrete_v0_1 Member=Component R2 RES
Added Member To Class: ClassName=recall_discrete_v0_1 Member=Component R3 RES
Added Member To Class: ClassName=recall_discrete_v0_1 Member=Component R4 RES
Added Member To Class: ClassName=recall_discrete_v0_1 Member=Component R6 RES
Added Member To Class: ClassName=recall_discrete_v0_1 Member=Component R7 RES
Added Member To Class: ClassName=recall_discrete_v0_1 Member=Component Rsh RES
