Removed Pin From Net: NetName=VDD Pin=BAT2-1
Removed Pin From Net: NetName=VDD Pin=BAT2-1
Removed Pin From Net: NetName=VDD Pin=BAT2-1
Removed Pin From Net: NetName=VDD Pin=BAT2-1
Removed Pin From Net: NetName=GND Pin=BAT2-2
Removed Member From Class: ClassName=recall_discrete_v0_1 Member=BAT2
Change Component Footprint: Designator=BAT Old Footprint=BAT-HLD-001 New Footprint=BAT-HLD-001-THM
Added Component: Designator=C1(0402)
Added Component: Designator=C2(0402)
Added Component: Designator=C3(0402)
Added Component: Designator=LED(MP2016)
Added Component: Designator=Q1(SOT-23)
Added Component: Designator=Q2(SOT-23)
Added Component: Designator=R1(RES_0402)
Added Component: Designator=R2(RES_0402)
Added Component: Designator=R3(RES_0402)
Added Component: Designator=R4(RES_0402)
Added Component: Designator=R6(RES_0402)
Added Component: Designator=R7(RES_0402)
Added Component: Designator=Rsh(RES_0402)
Added Pin To Net: NetName=GND Pin=Q1-1
Added Pin To Net: NetName=VDD Pin=R6-2
Added Pin To Net: NetName=GND Pin=R7-1
Added Pin To Net: NetName=VDD Pin=Rsh-2
Added Pin To Net: NetName=NetC1_1 Pin=C1-1
Added Pin To Net: NetName=NetC1_1 Pin=Q2-1
Added Pin To Net: NetName=NetC1_1 Pin=R1-1
Added Net: Name=NetC1_1
Added Pin To Net: NetName=NetC1_2 Pin=C1-2
Added Pin To Net: NetName=NetC1_2 Pin=LED-A
Added Pin To Net: NetName=NetC1_2 Pin=LED-A
Added Pin To Net: NetName=NetC1_2 Pin=R1-2
Added Pin To Net: NetName=NetC1_2 Pin=R2-2
Added Pin To Net: NetName=NetC1_2 Pin=Rsh-1
Added Net: Name=NetC1_2
Added Pin To Net: NetName=NetC2_1 Pin=C2-1
Added Pin To Net: NetName=NetC2_1 Pin=Q2-2
Added Pin To Net: NetName=NetC2_1 Pin=R2-1
Added Pin To Net: NetName=NetC2_1 Pin=R3-2
Added Net: Name=NetC2_1
Added Pin To Net: NetName=NetC2_2 Pin=C2-2
Added Pin To Net: NetName=NetC2_2 Pin=R4-2
Added Net: Name=NetC2_2
Added Pin To Net: NetName=NetC3_1 Pin=C3-1
Added Pin To Net: NetName=NetC3_1 Pin=LED-C
Added Pin To Net: NetName=NetC3_1 Pin=LED-C
Added Pin To Net: NetName=NetC3_1 Pin=R3-1
Added Pin To Net: NetName=NetC3_1 Pin=R4-1
Added Pin To Net: NetName=NetC3_1 Pin=R7-2
Added Net: Name=NetC3_1
Added Pin To Net: NetName=NetC3_2 Pin=C3-2
Added Pin To Net: NetName=NetC3_2 Pin=Q1-3
Added Pin To Net: NetName=NetC3_2 Pin=R6-1
Added Net: Name=NetC3_2
Added Pin To Net: NetName=TRIGGER Pin=Q1-2
Added Pin To Net: NetName=TRIGGER Pin=Q2-3
Added Net: Name=TRIGGER
Added Member To Class: ClassName=recall_discrete_v0_1 Member=Component C1 CAP
Added Member To Class: ClassName=recall_discrete_v0_1 Member=Component C2 CAP
Added Member To Class: ClassName=recall_discrete_v0_1 Member=Component C3 CAP
Added Member To Class: ClassName=recall_discrete_v0_1 Member=Component LED MP2016
Added Member To Class: ClassName=recall_discrete_v0_1 Member=Component Q1 NPN
Added Member To Class: ClassName=recall_discrete_v0_1 Member=Component Q2 PNP
Added Member To Class: ClassName=recall_discrete_v0_1 Member=Component R1 RES
Added Member To Class: ClassName=recall_discrete_v0_1 Member=Component R2 RES
Added Member To Class: ClassName=recall_discrete_v0_1 Member=Component R3 RES
Added Member To Class: ClassName=recall_discrete_v0_1 Member=Component R4 RES
Added Member To Class: ClassName=recall_discrete_v0_1 Member=Component R6 RES
Added Member To Class: ClassName=recall_discrete_v0_1 Member=Component R7 RES
Added Member To Class: ClassName=recall_discrete_v0_1 Member=Component Rsh RES
