Added Component: Designator=BAT(BAT-HLD-001)
Added Component: Designator=C1(CAP_0402R)
Added Component: Designator=C2(CAP_0402R)
Added Component: Designator=C3(CAP_0402R)
Added Component: Designator=LED(MP2016)
Added Component: Designator=Q1(SOT-23)
Added Component: Designator=Q2(SOT-23)
Added Component: Designator=R1(RES_0402)
Added Component: Designator=R2(RES_0402)
Added Component: Designator=R3(RES_0402)
Added Component: Designator=R4(RES_0402)
Added Component: Designator=R6(RES_0402)
Added Component: Designator=R7(RES_0402)
Added Component: Designator=Rsh(RES_0402)
Added Pin To Net: NetName=VDD Pin=BAT-1
Added Pin To Net: NetName=VDD Pin=BAT-1
Added Pin To Net: NetName=GND Pin=BAT-2
Added Pin To Net: NetName=GND Pin=Q1-2
Added Pin To Net: NetName=VDD Pin=R6-2
Added Pin To Net: NetName=GND Pin=R7-1
Added Pin To Net: NetName=VDD Pin=Rsh-2
Added Pin To Net: NetName=NetC1_1 Pin=C1-1
Added Pin To Net: NetName=NetC1_1 Pin=Q2-2
Added Pin To Net: NetName=NetC1_1 Pin=R1-1
Added Net: Name=NetC1_1
Added Pin To Net: NetName=NetC1_2 Pin=C1-2
Added Pin To Net: NetName=NetC1_2 Pin=LED-A
Added Pin To Net: NetName=NetC1_2 Pin=LED-A
Added Pin To Net: NetName=NetC1_2 Pin=R1-2
Added Pin To Net: NetName=NetC1_2 Pin=R2-2
Added Pin To Net: NetName=NetC1_2 Pin=Rsh-1
Added Net: Name=NetC1_2
Added Pin To Net: NetName=NetC2_1 Pin=C2-1
Added Pin To Net: NetName=NetC2_1 Pin=Q2-1
Added Pin To Net: NetName=NetC2_1 Pin=R2-1
Added Pin To Net: NetName=NetC2_1 Pin=R3-2
Added Net: Name=NetC2_1
Added Pin To Net: NetName=NetC2_2 Pin=C2-2
Added Pin To Net: NetName=NetC2_2 Pin=R4-2
Added Net: Name=NetC2_2
Added Pin To Net: NetName=NetC3_1 Pin=C3-1
Added Pin To Net: NetName=NetC3_1 Pin=LED-C
Added Pin To Net: NetName=NetC3_1 Pin=LED-C
Added Pin To Net: NetName=NetC3_1 Pin=R3-1
Added Pin To Net: NetName=NetC3_1 Pin=R4-1
Added Pin To Net: NetName=NetC3_1 Pin=R7-2
Added Net: Name=NetC3_1
Added Pin To Net: NetName=NetC3_2 Pin=C3-2
Added Pin To Net: NetName=NetC3_2 Pin=Q1-3
Added Pin To Net: NetName=NetC3_2 Pin=R6-1
Added Net: Name=NetC3_2
Added Pin To Net: NetName=TRIGGER Pin=Q1-1
Added Pin To Net: NetName=TRIGGER Pin=Q2-3
Added Net: Name=TRIGGER
Added Class: Name=recall_discrete_v0_1
Change Room Name: Old Name=recall_ble_mod_v0_1 New Name=recall_discrete_v0_1
Change Room Scope: Old Scope=InComponentClass('recall_ble_mod_v0_1') New Scope=InComponentClass('recall_discrete_v0_1')
